
*** Running vivado
    with args -log FIR_design_1_Bit_width_Casting_0_5.vds -m64 -product Vivado -mode batch -messageDb vivado.pb -notrace -source FIR_design_1_Bit_width_Casting_0_5.tcl


ECHO is off.
ECHO is off.

****** Vivado v2023.2 (64-bit)
  **** SW Build 4029153 on Fri Oct 13 20:14:34 MDT 2023
  **** IP Build 4028589 on Sat Oct 14 00:45:43 MDT 2023
  **** SharedData Build 4025554 on Tue Oct 10 17:18:54 MDT 2023
    ** Copyright 1986-2022 Xilinx, Inc. All Rights Reserved.
    ** Copyright 2022-2023 Advanced Micro Devices, Inc. All Rights Reserved.

source FIR_design_1_Bit_width_Casting_0_5.tcl -notrace
create_project: Time (s): cpu = 00:00:09 ; elapsed = 00:00:12 . Memory (MB): peak = 474.199 ; gain = 180.051
INFO: [IP_Flow 19-234] Refreshing IP repositories
INFO: [IP_Flow 19-1704] No user IP repositories specified
INFO: [IP_Flow 19-2313] Loaded Vivado IP repository 'C:/Xilinx/Vivado/2023.2/data/ip'.
INFO: [IP_Flow 19-6924] IPCACHE: Running cache check for IP inst: FIR_design_1_Bit_width_Casting_0_5
Command: synth_design -top FIR_design_1_Bit_width_Casting_0_5 -part xc7k70tfbv676-1 -incremental_mode off -mode out_of_context
Starting synth_design
Attempting to get a license for feature 'Synthesis' and/or device 'xc7k70t'
INFO: [Common 17-349] Got license for feature 'Synthesis' and/or device 'xc7k70t'
INFO: [Designutils 20-5008] Incremental synthesis strategy off
INFO: [Synth 8-7079] Multithreading enabled for synth_design using a maximum of 2 processes.
INFO: [Synth 8-7078] Launching helper process for spawning children vivado processes
INFO: [Synth 8-7075] Helper process launched with PID 6384
---------------------------------------------------------------------------------
Starting Synthesize : Time (s): cpu = 00:00:08 ; elapsed = 00:00:15 . Memory (MB): peak = 934.004 ; gain = 441.605
---------------------------------------------------------------------------------
INFO: [Synth 8-6157] synthesizing module 'FIR_design_1_Bit_width_Casting_0_5' [c:/BC_Final_Project/hdl/projects/FIR_Filter_Design/FIR_Filter_Design.gen/sources_1/bd/FIR_design_1/ip/FIR_design_1_Bit_width_Casting_0_5/synth/FIR_design_1_Bit_width_Casting_0_5.v:53]
INFO: [Synth 8-6157] synthesizing module 'Bit_width_Casting' [C:/BC_Final_Project/hdl/projects/FIR_Filter_Design/FIR_Filter_Design.srcs/sources_1/new/Bit_width_Casting.v:1]
	Parameter INPUT_WIDTH bound to: 8 - type: integer 
	Parameter OUTPUT_WIDTH bound to: 16 - type: integer 
INFO: [Synth 8-6155] done synthesizing module 'Bit_width_Casting' (0#1) [C:/BC_Final_Project/hdl/projects/FIR_Filter_Design/FIR_Filter_Design.srcs/sources_1/new/Bit_width_Casting.v:1]
INFO: [Synth 8-6155] done synthesizing module 'FIR_design_1_Bit_width_Casting_0_5' (0#1) [c:/BC_Final_Project/hdl/projects/FIR_Filter_Design/FIR_Filter_Design.gen/sources_1/bd/FIR_design_1/ip/FIR_design_1_Bit_width_Casting_0_5/synth/FIR_design_1_Bit_width_Casting_0_5.v:53]
---------------------------------------------------------------------------------
Finished Synthesize : Time (s): cpu = 00:00:11 ; elapsed = 00:00:18 . Memory (MB): peak = 1038.809 ; gain = 546.410
---------------------------------------------------------------------------------
---------------------------------------------------------------------------------
Finished Constraint Validation : Time (s): cpu = 00:00:12 ; elapsed = 00:00:19 . Memory (MB): peak = 1038.809 ; gain = 546.410
---------------------------------------------------------------------------------
---------------------------------------------------------------------------------
Start Loading Part and Timing Information
---------------------------------------------------------------------------------
Loading part: xc7k70tfbv676-1
---------------------------------------------------------------------------------
Finished Loading Part and Timing Information : Time (s): cpu = 00:00:12 ; elapsed = 00:00:19 . Memory (MB): peak = 1038.809 ; gain = 546.410
---------------------------------------------------------------------------------
INFO: [Device 21-403] Loading part xc7k70tfbv676-1
---------------------------------------------------------------------------------
Finished RTL Optimization Phase 2 : Time (s): cpu = 00:00:12 ; elapsed = 00:00:20 . Memory (MB): peak = 1038.809 ; gain = 546.410
---------------------------------------------------------------------------------
No constraint files found.
---------------------------------------------------------------------------------
Start RTL Component Statistics 
---------------------------------------------------------------------------------
Detailed RTL Component Info : 
---------------------------------------------------------------------------------
Finished RTL Component Statistics 
---------------------------------------------------------------------------------
---------------------------------------------------------------------------------
Start Part Resource Summary
---------------------------------------------------------------------------------
Part Resources:
DSPs: 240 (col length:80)
BRAMs: 270 (col length: RAMB18 80 RAMB36 40)
---------------------------------------------------------------------------------
Finished Part Resource Summary
---------------------------------------------------------------------------------
No constraint files found.
---------------------------------------------------------------------------------
Start Cross Boundary and Area Optimization
---------------------------------------------------------------------------------
WARNING: [Synth 8-7080] Parallel synthesis criteria is not met
WARNING: [Synth 8-3330] design FIR_design_1_Bit_width_Casting_0_5 has an empty top module
---------------------------------------------------------------------------------
Finished Cross Boundary and Area Optimization : Time (s): cpu = 00:00:19 ; elapsed = 00:00:40 . Memory (MB): peak = 1204.863 ; gain = 712.465
---------------------------------------------------------------------------------
No constraint files found.
---------------------------------------------------------------------------------
Start Timing Optimization
---------------------------------------------------------------------------------
---------------------------------------------------------------------------------
Finished Timing Optimization : Time (s): cpu = 00:00:19 ; elapsed = 00:00:40 . Memory (MB): peak = 1204.863 ; gain = 712.465
---------------------------------------------------------------------------------
---------------------------------------------------------------------------------
Start Technology Mapping
---------------------------------------------------------------------------------
---------------------------------------------------------------------------------
Finished Technology Mapping : Time (s): cpu = 00:00:19 ; elapsed = 00:00:40 . Memory (MB): peak = 1204.863 ; gain = 712.465
---------------------------------------------------------------------------------
---------------------------------------------------------------------------------
Start IO Insertion
---------------------------------------------------------------------------------
---------------------------------------------------------------------------------
Start Flattening Before IO Insertion
---------------------------------------------------------------------------------
---------------------------------------------------------------------------------
Finished Flattening Before IO Insertion
---------------------------------------------------------------------------------
---------------------------------------------------------------------------------
Start Final Netlist Cleanup
---------------------------------------------------------------------------------
---------------------------------------------------------------------------------
Finished Final Netlist Cleanup
---------------------------------------------------------------------------------
---------------------------------------------------------------------------------
Finished IO Insertion : Time (s): cpu = 00:00:29 ; elapsed = 00:00:56 . Memory (MB): peak = 1204.863 ; gain = 712.465
---------------------------------------------------------------------------------
---------------------------------------------------------------------------------
Start Renaming Generated Instances
---------------------------------------------------------------------------------
---------------------------------------------------------------------------------
Finished Renaming Generated Instances : Time (s): cpu = 00:00:29 ; elapsed = 00:00:56 . Memory (MB): peak = 1204.863 ; gain = 712.465
---------------------------------------------------------------------------------
---------------------------------------------------------------------------------
Start Rebuilding User Hierarchy
---------------------------------------------------------------------------------
---------------------------------------------------------------------------------
Finished Rebuilding User Hierarchy : Time (s): cpu = 00:00:29 ; elapsed = 00:00:56 . Memory (MB): peak = 1204.863 ; gain = 712.465
---------------------------------------------------------------------------------
---------------------------------------------------------------------------------
Start Renaming Generated Ports
---------------------------------------------------------------------------------
---------------------------------------------------------------------------------
Finished Renaming Generated Ports : Time (s): cpu = 00:00:29 ; elapsed = 00:00:56 . Memory (MB): peak = 1204.863 ; gain = 712.465
---------------------------------------------------------------------------------
---------------------------------------------------------------------------------
Start Handling Custom Attributes
---------------------------------------------------------------------------------
---------------------------------------------------------------------------------
Finished Handling Custom Attributes : Time (s): cpu = 00:00:29 ; elapsed = 00:00:56 . Memory (MB): peak = 1204.863 ; gain = 712.465
---------------------------------------------------------------------------------
---------------------------------------------------------------------------------
Start Renaming Generated Nets
---------------------------------------------------------------------------------
---------------------------------------------------------------------------------
Finished Renaming Generated Nets : Time (s): cpu = 00:00:29 ; elapsed = 00:00:56 . Memory (MB): peak = 1204.863 ; gain = 712.465
---------------------------------------------------------------------------------
---------------------------------------------------------------------------------
Start Writing Synthesis Report
---------------------------------------------------------------------------------

Report BlackBoxes: 
+-+--------------+----------+
| |BlackBox name |Instances |
+-+--------------+----------+
+-+--------------+----------+

Report Cell Usage: 
+-+-----+------+
| |Cell |Count |
+-+-----+------+
+-+-----+------+

Report Instance Areas: 
+------+---------+-------+------+
|      |Instance |Module |Cells |
+------+---------+-------+------+
|1     |top      |       |     0|
+------+---------+-------+------+
---------------------------------------------------------------------------------
Finished Writing Synthesis Report : Time (s): cpu = 00:00:29 ; elapsed = 00:00:57 . Memory (MB): peak = 1204.863 ; gain = 712.465
---------------------------------------------------------------------------------
Synthesis finished with 0 errors, 0 critical warnings and 2 warnings.
Synthesis Optimization Runtime : Time (s): cpu = 00:00:29 ; elapsed = 00:00:57 . Memory (MB): peak = 1204.863 ; gain = 712.465
Synthesis Optimization Complete : Time (s): cpu = 00:00:29 ; elapsed = 00:00:57 . Memory (MB): peak = 1204.863 ; gain = 712.465
INFO: [Project 1-571] Translating synthesized netlist
Netlist sorting complete. Time (s): cpu = 00:00:00 ; elapsed = 00:00:00 . Memory (MB): peak = 1204.863 ; gain = 0.000
INFO: [Project 1-570] Preparing netlist for logic optimization
INFO: [Opt 31-138] Pushed 0 inverter(s) to 0 load pin(s).
Netlist sorting complete. Time (s): cpu = 00:00:00 ; elapsed = 00:00:00 . Memory (MB): peak = 1306.148 ; gain = 0.000
INFO: [Project 1-111] Unisim Transformation Summary:
No Unisim elements were transformed.

The system cannot find the path specified.
Synth Design complete | Checksum: 5e2620ff
INFO: [Common 17-83] Releasing license: Synthesis
19 Infos, 2 Warnings, 0 Critical Warnings and 0 Errors encountered.
synth_design completed successfully
synth_design: Time (s): cpu = 00:00:32 ; elapsed = 00:01:00 . Memory (MB): peak = 1306.148 ; gain = 818.742
INFO: [Timing 38-35] Done setting XDC timing constraints.
INFO: [Common 17-1381] The checkpoint 'C:/BC_Final_Project/hdl/projects/FIR_Filter_Design/FIR_Filter_Design.runs/FIR_design_1_Bit_width_Casting_0_5_synth_1/FIR_design_1_Bit_width_Casting_0_5.dcp' has been generated.
write_checkpoint: Time (s): cpu = 00:00:11 ; elapsed = 00:00:23 . Memory (MB): peak = 1561.207 ; gain = 255.059
WARNING: [Coretcl 2-1799] Unable to create IP cache entry for IP FIR_design_1_Bit_width_Casting_0_5: Unable to create cache entry directory: c:/BC_Final_Project/hdl/projects/FIR_Filter_Design/FIR_Filter_Design.cache/ip/2023.2/3/a/3a325963b2bca1d4
INFO: [Common 17-1381] The checkpoint 'C:/BC_Final_Project/hdl/projects/FIR_Filter_Design/FIR_Filter_Design.runs/FIR_design_1_Bit_width_Casting_0_5_synth_1/FIR_design_1_Bit_width_Casting_0_5.dcp' has been generated.
INFO: [runtcl-4] Executing : report_utilization -file FIR_design_1_Bit_width_Casting_0_5_utilization_synth.rpt -pb FIR_design_1_Bit_width_Casting_0_5_utilization_synth.pb
INFO: [Common 17-206] Exiting Vivado at Thu Jul 17 11:14:39 2025...
