
*** Running vivado
    with args -log FIR_design_1_c_addsub_0_2.vds -m64 -product Vivado -mode batch -messageDb vivado.pb -notrace -source FIR_design_1_c_addsub_0_2.tcl


ECHO is off.
ECHO is off.

****** Vivado v2023.2 (64-bit)
  **** SW Build 4029153 on Fri Oct 13 20:14:34 MDT 2023
  **** IP Build 4028589 on Sat Oct 14 00:45:43 MDT 2023
  **** SharedData Build 4025554 on Tue Oct 10 17:18:54 MDT 2023
    ** Copyright 1986-2022 Xilinx, Inc. All Rights Reserved.
    ** Copyright 2022-2023 Advanced Micro Devices, Inc. All Rights Reserved.

source FIR_design_1_c_addsub_0_2.tcl -notrace
create_project: Time (s): cpu = 00:00:08 ; elapsed = 00:00:09 . Memory (MB): peak = 473.695 ; gain = 178.312
INFO: [IP_Flow 19-6924] IPCACHE: Running cache check for IP inst: FIR_design_1_c_addsub_0_2
INFO: [IP_Flow 19-6922] IPCACHE: Exporting cached entry 14d33afcfba85d63 to dir: C:/BC_Final_Project/hdl/projects/FIR_Filter_Design/FIR_Filter_Design.runs/FIR_design_1_c_addsub_0_2_synth_1
INFO: [IP_Flow 19-6928] IPCACHE: copied cached file c:/BC_Final_Project/hdl/projects/FIR_Filter_Design/FIR_Filter_Design.cache/ip/2023.2/1/4/14d33afcfba85d63/FIR_design_1_c_addsub_0_0.dcp to C:/BC_Final_Project/hdl/projects/FIR_Filter_Design/FIR_Filter_Design.runs/FIR_design_1_c_addsub_0_2_synth_1/FIR_design_1_c_addsub_0_2.dcp.
INFO: [IP_Flow 19-6928] IPCACHE: copied cached file c:/BC_Final_Project/hdl/projects/FIR_Filter_Design/FIR_Filter_Design.cache/ip/2023.2/1/4/14d33afcfba85d63/FIR_design_1_c_addsub_0_0_sim_netlist.v to C:/BC_Final_Project/hdl/projects/FIR_Filter_Design/FIR_Filter_Design.runs/FIR_design_1_c_addsub_0_2_synth_1/FIR_design_1_c_addsub_0_2_sim_netlist.v.
INFO: [IP_Flow 19-6928] IPCACHE: copied cached file c:/BC_Final_Project/hdl/projects/FIR_Filter_Design/FIR_Filter_Design.cache/ip/2023.2/1/4/14d33afcfba85d63/FIR_design_1_c_addsub_0_0_sim_netlist.vhdl to C:/BC_Final_Project/hdl/projects/FIR_Filter_Design/FIR_Filter_Design.runs/FIR_design_1_c_addsub_0_2_synth_1/FIR_design_1_c_addsub_0_2_sim_netlist.vhdl.
INFO: [IP_Flow 19-6928] IPCACHE: copied cached file c:/BC_Final_Project/hdl/projects/FIR_Filter_Design/FIR_Filter_Design.cache/ip/2023.2/1/4/14d33afcfba85d63/FIR_design_1_c_addsub_0_0_stub.v to C:/BC_Final_Project/hdl/projects/FIR_Filter_Design/FIR_Filter_Design.runs/FIR_design_1_c_addsub_0_2_synth_1/FIR_design_1_c_addsub_0_2_stub.v.
INFO: [IP_Flow 19-6928] IPCACHE: copied cached file c:/BC_Final_Project/hdl/projects/FIR_Filter_Design/FIR_Filter_Design.cache/ip/2023.2/1/4/14d33afcfba85d63/FIR_design_1_c_addsub_0_0_stub.vhdl to C:/BC_Final_Project/hdl/projects/FIR_Filter_Design/FIR_Filter_Design.runs/FIR_design_1_c_addsub_0_2_synth_1/FIR_design_1_c_addsub_0_2_stub.vhdl.
INFO: [IP_Flow 19-4838] Using cached IP synthesis design for IP FIR_design_1_c_addsub_0_2, cache-ID = 14d33afcfba85d63.
INFO: [Common 17-206] Exiting Vivado at Thu Jul 17 11:15:39 2025...
